<?xml version="1.0" encoding="UTF-8"?>
<!-- Generated by org.testng.reporters.JUnitReportReporter -->
<testsuite hostname="LAPTOP-1BU66JUJ" failures="0" tests="1" name="rest_assured_day3.Looging" time="2.889" errors="0" timestamp="2023-09-05T11:57:00 IST" skipped="0">
  <testcase classname="rest_assured_day3.Looging" name="log_methods" time="2.889"/>
</testsuite> <!-- rest_assured_day3.Looging -->
