<?xml version="1.0" encoding="UTF-8"?>
<!-- Generated by org.testng.reporters.JUnitReportReporter -->
<testsuite hostname="LAPTOP-1BU66JUJ" failures="0" tests="1" name="rest_assured_day8.GetUser" time="0.993" errors="0" timestamp="2023-09-13T07:30:48 IST" skipped="0">
  <testcase classname="rest_assured_day8.GetUser" name="get_user" time="0.993"/>
</testsuite> <!-- rest_assured_day8.GetUser -->
