<?xml version="1.0" encoding="UTF-8"?>
<!-- Generated by org.testng.reporters.JUnitReportReporter -->
<testsuite hostname="LAPTOP-1BU66JUJ" failures="0" tests="1" name="rest_assured_day5.XMLParseValidationResponse" time="3.064" errors="0" timestamp="2023-09-06T16:58:49 IST" skipped="0">
  <testcase classname="rest_assured_day5.XMLParseValidationResponse" name="swagger_validate_response" time="3.064"/>
</testsuite> <!-- rest_assured_day5.XMLParseValidationResponse -->
