<?xml version="1.0" encoding="UTF-8"?>
<!-- Generated by org.testng.reporters.JUnitReportReporter -->
<testsuite hostname="LAPTOP-1BU66JUJ" failures="0" tests="4" name="rest_assured_day1.Sample_Restapi_test" time="7.033" errors="0" timestamp="2023-09-03T14:32:31 IST" skipped="0">
  <testcase classname="rest_assured_day1.Sample_Restapi_test" name="reqrs_get_rest_api_test" time="3.710"/>
  <testcase classname="rest_assured_day1.Sample_Restapi_test" name="reqrs_post_rest_api_test" time="1.545"/>
  <testcase classname="rest_assured_day1.Sample_Restapi_test" name="reqrs_update_rest_api_test" time="0.868"/>
  <testcase classname="rest_assured_day1.Sample_Restapi_test" name="reqrs_delete_rest_api_test" time="0.910"/>
</testsuite> <!-- rest_assured_day1.Sample_Restapi_test -->
