<?xml version="1.0" encoding="UTF-8"?>
<!-- Generated by org.testng.reporters.JUnitReportReporter -->
<testsuite hostname="LAPTOP-1BU66JUJ" failures="0" tests="1" name="rest_assured_day2.BodyCreation_Pojo" time="3.161" errors="0" timestamp="2023-09-04T09:49:58 IST" skipped="0">
  <testcase classname="rest_assured_day2.BodyCreation_Pojo" name="reqrs_post_pojo" time="3.161"/>
</testsuite> <!-- rest_assured_day2.BodyCreation_Pojo -->
