<?xml version="1.0" encoding="UTF-8"?>
<!-- Generated by org.testng.reporters.JUnitReportReporter -->
<testsuite hostname="LAPTOP-1BU66JUJ" failures="0" tests="1" name="rest_assured_day8.DeleteUser" time="1.111" errors="0" timestamp="2023-09-13T07:30:48 IST" skipped="0">
  <testcase classname="rest_assured_day8.DeleteUser" name="delete_user" time="1.111"/>
</testsuite> <!-- rest_assured_day8.DeleteUser -->
