<?xml version="1.0" encoding="UTF-8"?>
<!-- Generated by org.testng.reporters.JUnitReportReporter -->
<testsuite hostname="LAPTOP-1BU66JUJ" failures="0" tests="1" name="rest_assured_day3.QueryandPathParameters" time="6.258" errors="0" timestamp="2023-09-05T11:39:40 IST" skipped="0">
  <testcase classname="rest_assured_day3.QueryandPathParameters" name="reqrs_queryandpath" time="6.258"/>
</testsuite> <!-- rest_assured_day3.QueryandPathParameters -->
