<?xml version="1.0" encoding="UTF-8"?>
<!-- Generated by org.testng.reporters.JUnitReportReporter -->
<testsuite hostname="LAPTOP-1BU66JUJ" failures="0" tests="1" name="rest_assured_day2.BodyCreation_ExternalFile" time="2.861" errors="0" timestamp="2023-09-04T10:04:27 IST" skipped="0">
  <testcase classname="rest_assured_day2.BodyCreation_ExternalFile" name="reqrs_jsonfile" time="2.861"/>
</testsuite> <!-- rest_assured_day2.BodyCreation_ExternalFile -->
