<?xml version="1.0" encoding="UTF-8"?>
<!-- Generated by org.testng.reporters.JUnitReportReporter -->
<testsuite hostname="LAPTOP-1BU66JUJ" failures="0" tests="1" name="rest_assured_day3.HeadersValidation" time="3.066" errors="0" timestamp="2023-09-05T11:54:23 IST" skipped="0">
  <testcase classname="rest_assured_day3.HeadersValidation" name="header_validate" time="3.066"/>
</testsuite> <!-- rest_assured_day3.HeadersValidation -->
