<?xml version="1.0" encoding="UTF-8"?>
<!-- Generated by org.testng.reporters.JUnitReportReporter -->
<testsuite hostname="LAPTOP-1BU66JUJ" failures="0" tests="1" name="rest_assured_day4.ParseValidationRes" time="3.609" errors="0" timestamp="2023-09-06T07:50:54 IST" skipped="0">
  <testcase classname="rest_assured_day4.ParseValidationRes" name="reqrs_validate_res" time="3.609"/>
</testsuite> <!-- rest_assured_day4.ParseValidationRes -->
